<?xml version="1.0" encoding="UTF-8"?>
<testng-results ignored="0" total="5" passed="4" failed="1" skipped="0">
  <reporter-output>
  </reporter-output>
  <suite started-at="2022-05-08T20:12:45 IST" name="Default suite" finished-at="2022-05-08T20:13:00 IST" duration-ms="14597">
    <groups>
    </groups>
    <test started-at="2022-05-08T20:12:45 IST" name="Default test" finished-at="2022-05-08T20:13:00 IST" duration-ms="14597">
      <class name="datadriventesting.DataDrivenTest_AddNewEmployees">
        <test-method signature="postEmployees(java.lang.String,java.lang.String,java.lang.String)[pri:0, instance:datadriventesting.DataDrivenTest_AddNewEmployees@ea6147e]" started-at="2022-05-08T20:12:49 IST" name="postEmployees" data-provider="empdataprovider" finished-at="2022-05-08T20:12:56 IST" duration-ms="6315" status="FAIL">
          <params>
            <param index="0">
              <value>
                <![CDATA[JOHNXYZ125]]>
              </value>
            </param>
            <param index="1">
              <value>
                <![CDATA[40000]]>
              </value>
            </param>
            <param index="2">
              <value>
                <![CDATA[30]]>
              </value>
            </param>
          </params>
          <exception class="junit.framework.AssertionFailedError">
            <message>
              <![CDATA[expected:<false> but was:<true>]]>
            </message>
            <full-stacktrace>
              <![CDATA[junit.framework.AssertionFailedError: expected:<false> but was:<true>
at junit.framework.Assert.fail(Assert.java:50)
at junit.framework.Assert.failNotEquals(Assert.java:287)
at junit.framework.Assert.assertEquals(Assert.java:67)
at junit.framework.Assert.assertEquals(Assert.java:147)
at junit.framework.Assert.assertEquals(Assert.java:153)
at datadriventesting.DataDrivenTest_AddNewEmployees.postEmployees(DataDrivenTest_AddNewEmployees.java:47)
at java.base/jdk.internal.reflect.NativeMethodAccessorImpl.invoke0(Native Method)
at java.base/jdk.internal.reflect.NativeMethodAccessorImpl.invoke(NativeMethodAccessorImpl.java:77)
at java.base/jdk.internal.reflect.DelegatingMethodAccessorImpl.invoke(DelegatingMethodAccessorImpl.java:43)
at java.base/java.lang.reflect.Method.invoke(Method.java:568)
at org.testng.internal.invokers.MethodInvocationHelper.invokeMethod(MethodInvocationHelper.java:135)
at org.testng.internal.invokers.TestInvoker.invokeMethod(TestInvoker.java:673)
at org.testng.internal.invokers.TestInvoker.invokeTestMethod(TestInvoker.java:220)
at org.testng.internal.invokers.MethodRunner.runInSequence(MethodRunner.java:50)
at org.testng.internal.invokers.TestInvoker$MethodInvocationAgent.invoke(TestInvoker.java:945)
at org.testng.internal.invokers.TestInvoker.invokeTestMethods(TestInvoker.java:193)
at org.testng.internal.invokers.TestMethodWorker.invokeTestMethods(TestMethodWorker.java:146)
at org.testng.internal.invokers.TestMethodWorker.run(TestMethodWorker.java:128)
at java.base/java.util.ArrayList.forEach(ArrayList.java:1511)
at org.testng.TestRunner.privateRun(TestRunner.java:808)
at org.testng.TestRunner.run(TestRunner.java:603)
at org.testng.SuiteRunner.runTest(SuiteRunner.java:429)
at org.testng.SuiteRunner.runSequentially(SuiteRunner.java:423)
at org.testng.SuiteRunner.privateRun(SuiteRunner.java:383)
at org.testng.SuiteRunner.run(SuiteRunner.java:326)
at org.testng.SuiteRunnerWorker.runSuite(SuiteRunnerWorker.java:52)
at org.testng.SuiteRunnerWorker.run(SuiteRunnerWorker.java:95)
at org.testng.TestNG.runSuitesSequentially(TestNG.java:1249)
at org.testng.TestNG.runSuitesLocally(TestNG.java:1169)
at org.testng.TestNG.runSuites(TestNG.java:1092)
at org.testng.TestNG.run(TestNG.java:1060)
at org.testng.remote.AbstractRemoteTestNG.run(AbstractRemoteTestNG.java:115)
at org.testng.remote.RemoteTestNG.initAndRun(RemoteTestNG.java:251)
at org.testng.remote.RemoteTestNG.main(RemoteTestNG.java:77)
]]>
            </full-stacktrace>
          </exception> <!-- junit.framework.AssertionFailedError -->
          <reporter-output>
          </reporter-output>
        </test-method> <!-- postEmployees -->
        <test-method signature="postEmployees(java.lang.String,java.lang.String,java.lang.String)[pri:0, instance:datadriventesting.DataDrivenTest_AddNewEmployees@ea6147e]" started-at="2022-05-08T20:12:56 IST" name="postEmployees" data-provider="empdataprovider" finished-at="2022-05-08T20:12:57 IST" duration-ms="1064" status="PASS">
          <params>
            <param index="0">
              <value>
                <![CDATA[JOHNXYZ126]]>
              </value>
            </param>
            <param index="1">
              <value>
                <![CDATA[70000]]>
              </value>
            </param>
            <param index="2">
              <value>
                <![CDATA[40]]>
              </value>
            </param>
          </params>
          <reporter-output>
          </reporter-output>
        </test-method> <!-- postEmployees -->
        <test-method signature="postEmployees(java.lang.String,java.lang.String,java.lang.String)[pri:0, instance:datadriventesting.DataDrivenTest_AddNewEmployees@ea6147e]" started-at="2022-05-08T20:12:57 IST" name="postEmployees" data-provider="empdataprovider" finished-at="2022-05-08T20:12:58 IST" duration-ms="960" status="PASS">
          <params>
            <param index="0">
              <value>
                <![CDATA[JOHNXYZ127]]>
              </value>
            </param>
            <param index="1">
              <value>
                <![CDATA[80000]]>
              </value>
            </param>
            <param index="2">
              <value>
                <![CDATA[35]]>
              </value>
            </param>
          </params>
          <reporter-output>
          </reporter-output>
        </test-method> <!-- postEmployees -->
        <test-method signature="postEmployees(java.lang.String,java.lang.String,java.lang.String)[pri:0, instance:datadriventesting.DataDrivenTest_AddNewEmployees@ea6147e]" started-at="2022-05-08T20:12:58 IST" name="postEmployees" data-provider="empdataprovider" finished-at="2022-05-08T20:12:59 IST" duration-ms="962" status="PASS">
          <params>
            <param index="0">
              <value>
                <![CDATA[JOHNXYZ128]]>
              </value>
            </param>
            <param index="1">
              <value>
                <![CDATA[240000]]>
              </value>
            </param>
            <param index="2">
              <value>
                <![CDATA[45]]>
              </value>
            </param>
          </params>
          <reporter-output>
          </reporter-output>
        </test-method> <!-- postEmployees -->
        <test-method signature="postEmployees(java.lang.String,java.lang.String,java.lang.String)[pri:0, instance:datadriventesting.DataDrivenTest_AddNewEmployees@ea6147e]" started-at="2022-05-08T20:12:59 IST" name="postEmployees" data-provider="empdataprovider" finished-at="2022-05-08T20:13:00 IST" duration-ms="948" status="PASS">
          <params>
            <param index="0">
              <value>
                <![CDATA[JOHNXYZ129]]>
              </value>
            </param>
            <param index="1">
              <value>
                <![CDATA[740000]]>
              </value>
            </param>
            <param index="2">
              <value>
                <![CDATA[50]]>
              </value>
            </param>
          </params>
          <reporter-output>
          </reporter-output>
        </test-method> <!-- postEmployees -->
      </class> <!-- datadriventesting.DataDrivenTest_AddNewEmployees -->
    </test> <!-- Default test -->
  </suite> <!-- Default suite -->
</testng-results>
